<?xml version="1.0" encoding="UTF-8"?>
<testng-results skipped="0" failed="0" ignored="0" total="1" passed="1">
  <reporter-output>
  </reporter-output>
  <suite name="Suite" duration-ms="1789" started-at="2022-12-15T14:18:59Z" finished-at="2022-12-15T14:19:00Z">
    <groups>
    </groups>
    <test name="Test" duration-ms="1789" started-at="2022-12-15T14:18:59Z" finished-at="2022-12-15T14:19:00Z">
      <class name="UITests.LoginTests">
        <test-method status="PASS" signature="logintests()[pri:0, instance:UITests.LoginTests@15bb6bea]" name="logintests" duration-ms="1764" started-at="2022-12-15T14:18:59Z" finished-at="2022-12-15T14:19:00Z">
          <reporter-output>
          </reporter-output>
        </test-method> <!-- logintests -->
      </class> <!-- UITests.LoginTests -->
    </test> <!-- Test -->
  </suite> <!-- Suite -->
</testng-results>
